{
  "RSpec": {
    "coverage": {
      "/Users/gregpaul/Desktop/WORKSPACE/Makers/bank-test/spec/account_spec.rb": [
        1,
        null,
        1,
        1,
        1,
        1,
        1,
        1,
        null,
        null,
        1,
        1,
        1,
        1,
        1,
        null,
        null,
        1,
        1,
        1,
        1,
        1,
        1,
        null,
        null,
        1,
        1,
        1,
        1,
        null,
        null,
        1,
        1,
        1,
        1,
        1,
        null,
        null,
        1,
        1,
        1,
        1,
        1,
        1,
        null,
        null
      ],
      "/Users/gregpaul/Desktop/WORKSPACE/Makers/bank-test/lib/account.rb": [
        1,
        1,
        1,
        7,
        7,
        7,
        null,
        null,
        1,
        16,
        16,
        16,
        null,
        null,
        1,
        16,
        null,
        null
      ],
      "/Users/gregpaul/Desktop/WORKSPACE/Makers/bank-test/spec/printer_spec.rb": [
        1,
        1,
        null,
        1,
        null,
        1,
        1,
        1,
        1,
        1,
        1,
        1,
        null,
        null,
        1,
        1,
        1,
        1,
        1,
        1,
        1,
        null,
        null,
        1,
        1,
        1,
        1,
        1,
        1,
        1,
        1,
        1,
        null,
        null
      ],
      "/Users/gregpaul/Desktop/WORKSPACE/Makers/bank-test/lib/printer.rb": [
        1,
        null,
        1,
        1,
        null,
        1,
        3,
        null,
        null,
        1,
        2,
        2,
        5,
        5,
        null,
        null,
        null,
        1,
        1,
        null,
        null,
        1,
        1,
        1,
        3,
        1,
        null,
        2,
        null,
        null,
        null,
        null
      ]
    },
    "timestamp": 1557492203
  }
}
