{
  "RSpec": {
    "coverage": {
      "/Users/gregpaul/Desktop/bank-test/spec/account_spec.rb": [
        1,
        null,
        1,
        1,
        1,
        1,
        1,
        null,
        null,
        1,
        1,
        1,
        1,
        1,
        null,
        null,
        1,
        1,
        1,
        1,
        1,
        1,
        null,
        null,
        1,
        1,
        1,
        1,
        null,
        null,
        1,
        1,
        1,
        1,
        1,
        null,
        null,
        1,
        1,
        1,
        1,
        1,
        1,
        null,
        null
      ],
      "/Users/gregpaul/Desktop/bank-test/account.rb": [
        1,
        1,
        1,
        8,
        8,
        8,
        null,
        null,
        1,
        14,
        14,
        14,
        null,
        null,
        1,
        14,
        8,
        null,
        6,
        null,
        null,
        null
      ],
      "/Users/gregpaul/Desktop/bank-test/spec/printer_spec.rb": [
        1,
        1,
        null,
        1,
        1,
        1,
        1,
        3,
        null,
        null,
        null,
        null,
        null,
        null,
        null,
        null,
        null,
        null,
        1,
        1,
        1,
        1,
        1,
        1,
        1,
        null,
        null
      ],
      "/Users/gregpaul/Desktop/bank-test/printer.rb": [
        1,
        null,
        1,
        1,
        null,
        1,
        2,
        null,
        null,
        1,
        1,
        null,
        null,
        1,
        1,
        null,
        null,
        1,
        null,
        null,
        null
      ]
    },
    "timestamp": 1557406502
  }
}
